  Determining projects to restore...
  All projects are up-to-date for restore.
  SmartTicketApi -> C:\Users\hp\SmartTicketSystem\Backend\SmartTicketApi\bin\Debug\net8.0\SmartTicketApi.dll
C:\Users\hp\SmartTicketSystem\Backend\SmartTicketApiTests\obj\Debug\net8.0\SmartTicketApiTests.AssemblyInfo.cs(13,12): error CS0579: Duplicate 'System.Reflection.AssemblyCompanyAttribute' attribute [C:\Users\hp\SmartTicketSystem\Backend\SmartTicketApiTests\SmartTicketApiTests.csproj]
C:\Users\hp\SmartTicketSystem\Backend\SmartTicketApiTests\obj\Debug\net8.0\SmartTicketApiTests.AssemblyInfo.cs(14,12): error CS0579: Duplicate 'System.Reflection.AssemblyConfigurationAttribute' attribute [C:\Users\hp\SmartTicketSystem\Backend\SmartTicketApiTests\SmartTicketApiTests.csproj]
C:\Users\hp\SmartTicketSystem\Backend\SmartTicketApiTests\obj\Debug\net8.0\SmartTicketApiTests.AssemblyInfo.cs(15,12): error CS0579: Duplicate 'System.Reflection.AssemblyFileVersionAttribute' attribute [C:\Users\hp\SmartTicketSystem\Backend\SmartTicketApiTests\SmartTicketApiTests.csproj]
C:\Users\hp\SmartTicketSystem\Backend\SmartTicketApiTests\obj\Debug\net8.0\SmartTicketApiTests.AssemblyInfo.cs(17,12): error CS0579: Duplicate 'System.Reflection.AssemblyProductAttribute' attribute [C:\Users\hp\SmartTicketSystem\Backend\SmartTicketApiTests\SmartTicketApiTests.csproj]
C:\Users\hp\SmartTicketSystem\Backend\SmartTicketApiTests\obj\Debug\net8.0\SmartTicketApiTests.AssemblyInfo.cs(18,12): error CS0579: Duplicate 'System.Reflection.AssemblyTitleAttribute' attribute [C:\Users\hp\SmartTicketSystem\Backend\SmartTicketApiTests\SmartTicketApiTests.csproj]
C:\Users\hp\SmartTicketSystem\Backend\SmartTicketApiTests\obj\Debug\net8.0\SmartTicketApiTests.AssemblyInfo.cs(19,12): error CS0579: Duplicate 'System.Reflection.AssemblyVersionAttribute' attribute [C:\Users\hp\SmartTicketSystem\Backend\SmartTicketApiTests\SmartTicketApiTests.csproj]
C:\Users\hp\SmartTicketSystem\Backend\SmartTicketApiTests\UnitTest1.cs(1,30): error CS0234: The type or namespace name 'TestTools' does not exist in the namespace 'Microsoft.VisualStudio' (are you missing an assembly reference?) [C:\Users\hp\SmartTicketSystem\Backend\SmartTicketApiTests\SmartTicketApiTests.csproj]
C:\Users\hp\SmartTicketSystem\Backend\SmartTicketApiTests\UnitTest1.cs(6,6): error CS0246: The type or namespace name 'TestClassAttribute' could not be found (are you missing a using directive or an assembly reference?) [C:\Users\hp\SmartTicketSystem\Backend\SmartTicketApiTests\SmartTicketApiTests.csproj]
C:\Users\hp\SmartTicketSystem\Backend\SmartTicketApiTests\UnitTest1.cs(6,6): error CS0246: The type or namespace name 'TestClass' could not be found (are you missing a using directive or an assembly reference?) [C:\Users\hp\SmartTicketSystem\Backend\SmartTicketApiTests\SmartTicketApiTests.csproj]
C:\Users\hp\SmartTicketSystem\Backend\SmartTicketApiTests\UnitTest1.cs(9,10): error CS0246: The type or namespace name 'TestMethodAttribute' could not be found (are you missing a using directive or an assembly reference?) [C:\Users\hp\SmartTicketSystem\Backend\SmartTicketApiTests\SmartTicketApiTests.csproj]
C:\Users\hp\SmartTicketSystem\Backend\SmartTicketApiTests\UnitTest1.cs(9,10): error CS0246: The type or namespace name 'TestMethod' could not be found (are you missing a using directive or an assembly reference?) [C:\Users\hp\SmartTicketSystem\Backend\SmartTicketApiTests\SmartTicketApiTests.csproj]

Build FAILED.

C:\Users\hp\SmartTicketSystem\Backend\SmartTicketApiTests\obj\Debug\net8.0\SmartTicketApiTests.AssemblyInfo.cs(13,12): error CS0579: Duplicate 'System.Reflection.AssemblyCompanyAttribute' attribute [C:\Users\hp\SmartTicketSystem\Backend\SmartTicketApiTests\SmartTicketApiTests.csproj]
C:\Users\hp\SmartTicketSystem\Backend\SmartTicketApiTests\obj\Debug\net8.0\SmartTicketApiTests.AssemblyInfo.cs(14,12): error CS0579: Duplicate 'System.Reflection.AssemblyConfigurationAttribute' attribute [C:\Users\hp\SmartTicketSystem\Backend\SmartTicketApiTests\SmartTicketApiTests.csproj]
C:\Users\hp\SmartTicketSystem\Backend\SmartTicketApiTests\obj\Debug\net8.0\SmartTicketApiTests.AssemblyInfo.cs(15,12): error CS0579: Duplicate 'System.Reflection.AssemblyFileVersionAttribute' attribute [C:\Users\hp\SmartTicketSystem\Backend\SmartTicketApiTests\SmartTicketApiTests.csproj]
C:\Users\hp\SmartTicketSystem\Backend\SmartTicketApiTests\obj\Debug\net8.0\SmartTicketApiTests.AssemblyInfo.cs(17,12): error CS0579: Duplicate 'System.Reflection.AssemblyProductAttribute' attribute [C:\Users\hp\SmartTicketSystem\Backend\SmartTicketApiTests\SmartTicketApiTests.csproj]
C:\Users\hp\SmartTicketSystem\Backend\SmartTicketApiTests\obj\Debug\net8.0\SmartTicketApiTests.AssemblyInfo.cs(18,12): error CS0579: Duplicate 'System.Reflection.AssemblyTitleAttribute' attribute [C:\Users\hp\SmartTicketSystem\Backend\SmartTicketApiTests\SmartTicketApiTests.csproj]
C:\Users\hp\SmartTicketSystem\Backend\SmartTicketApiTests\obj\Debug\net8.0\SmartTicketApiTests.AssemblyInfo.cs(19,12): error CS0579: Duplicate 'System.Reflection.AssemblyVersionAttribute' attribute [C:\Users\hp\SmartTicketSystem\Backend\SmartTicketApiTests\SmartTicketApiTests.csproj]
C:\Users\hp\SmartTicketSystem\Backend\SmartTicketApiTests\UnitTest1.cs(1,30): error CS0234: The type or namespace name 'TestTools' does not exist in the namespace 'Microsoft.VisualStudio' (are you missing an assembly reference?) [C:\Users\hp\SmartTicketSystem\Backend\SmartTicketApiTests\SmartTicketApiTests.csproj]
C:\Users\hp\SmartTicketSystem\Backend\SmartTicketApiTests\UnitTest1.cs(6,6): error CS0246: The type or namespace name 'TestClassAttribute' could not be found (are you missing a using directive or an assembly reference?) [C:\Users\hp\SmartTicketSystem\Backend\SmartTicketApiTests\SmartTicketApiTests.csproj]
C:\Users\hp\SmartTicketSystem\Backend\SmartTicketApiTests\UnitTest1.cs(6,6): error CS0246: The type or namespace name 'TestClass' could not be found (are you missing a using directive or an assembly reference?) [C:\Users\hp\SmartTicketSystem\Backend\SmartTicketApiTests\SmartTicketApiTests.csproj]
C:\Users\hp\SmartTicketSystem\Backend\SmartTicketApiTests\UnitTest1.cs(9,10): error CS0246: The type or namespace name 'TestMethodAttribute' could not be found (are you missing a using directive or an assembly reference?) [C:\Users\hp\SmartTicketSystem\Backend\SmartTicketApiTests\SmartTicketApiTests.csproj]
C:\Users\hp\SmartTicketSystem\Backend\SmartTicketApiTests\UnitTest1.cs(9,10): error CS0246: The type or namespace name 'TestMethod' could not be found (are you missing a using directive or an assembly reference?) [C:\Users\hp\SmartTicketSystem\Backend\SmartTicketApiTests\SmartTicketApiTests.csproj]
    0 Warning(s)
    11 Error(s)

Time Elapsed 00:00:02.01
